<?xml version='1.0' encoding='UTF-8'?>
<testsuite hostname="DESKTOP-CL74MMU" name="chatapp.auth.PasswordHasherTest" tests="2" errors="0" failures="0" skipped="0" time="1.267" timestamp="2023-08-20T14:36:34">
          <properties>
[...]
</properties>
          <testcase classname="chatapp.auth.PasswordHasherTest" name="PasswordHasher should hash and check passwords correctly" time="0.622">
                      
                    </testcase><testcase classname="chatapp.auth.PasswordHasherTest" name="PasswordHasher should return false for incorrect password check" time="0.645">
                      
                    </testcase>
          <system-out><![CDATA[]]></system-out>
          <system-err><![CDATA[]]></system-err>
        </testsuite>