<?xml version='1.0' encoding='UTF-8'?>
<testsuite hostname="DESKTOP-T6F42OP" name="chatapp.UserManagerTest" tests="4" errors="0" failures="0" skipped="0" time="0.833" timestamp="2023-08-17T09:47:43">
          <properties>
[...]
</properties>
          <testcase classname="chatapp.UserManagerTest" name="UserManager should register a user" time="0.503">
                      
                    </testcase><testcase classname="chatapp.UserManagerTest" name="UserManager should not register a duplicate username" time="0.072">
                      
                    </testcase><testcase classname="chatapp.UserManagerTest" name="UserManager should authenticate a user" time="0.131">
                      
                    </testcase><testcase classname="chatapp.UserManagerTest" name="UserManager should not authenticate with incorrect password" time="0.127">
                      
                    </testcase>
          <system-out><![CDATA[]]></system-out>
          <system-err><![CDATA[]]></system-err>
        </testsuite>