[debug] > Exec(;clean ;compile ;test ;run, None, None)
[debug] > Exec(clean, None, None)
[debug] Evaluating tasks: clean
[debug] Running task... Cancel: Signal, check cycles: false, forcegc: true
[success] Total time: 0 s, completed 16 Aug 2023, 18:04:07
[debug] > Exec(compile, None, None)
[debug] Evaluating tasks: Compile / compile
[debug] Running task... Cancel: Signal, check cycles: false, forcegc: true
[info] compiling 13 Scala sources to C:\Users\Tom\Programming\Chat-App\Akka-Scala-Chat-App\target\scala-2.13\classes ...
[info] Non-compiled module 'compiler-bridge_2.13' for Scala 2.13.11. Compiling...
[info]   Compilation completed in 5.607s.
[warn] C:\Users\Tom\Programming\Chat-App\Akka-Scala-Chat-App\src\main\scala\auth\UserManager.scala:33:22: match may not be exhaustive.
[warn] It would fail on the following input: None
[warn]         passwords.get( user ) match {
[warn]                      ^
[warn] 1 deprecation (since 2.13.3); re-run with -deprecation for details
[warn] two warnings found
[info] done compiling
[success] Total time: 8 s, completed 16 Aug 2023, 18:04:15
[debug] > Exec(test, None, None)
[debug] Evaluating tasks: Test / test
[debug] Running task... Cancel: Signal, check cycles: false, forcegc: true
[info] compiling 3 Scala sources to C:\Users\Tom\Programming\Chat-App\Akka-Scala-Chat-App\target\scala-2.13\test-classes ...
[warn] C:\Users\Tom\Programming\Chat-App\Akka-Scala-Chat-App\src\test\scala\ChatActorTest.scala:22:16: method without a parameter list overrides a method with a single empty one
[warn]   override def afterAll: Unit = {
[warn]                ^
[warn] 2 deprecations (since 2.13.3); re-run with -deprecation for details
[warn] two warnings found
[info] done compiling
[info] ChatActorTest:
[info] chatapp.ChatActorTest *** ABORTED ***
[info]   java.lang.IllegalStateException: You are using version 2.6.17 of Akka, but it appears you (perhaps indirectly) also depend on older versions of related artifacts. You can solve this by adding an explicit dependency on version 2.6.17 of the [akka-testkit] artifacts to your project. Here's a complete collection of detected artifacts: (2.6.16, [akka-testkit]), (2.6.17, [akka-actor, akka-actor-typed, akka-protobuf-v3, akka-serialization-jackson, akka-slf4j, akka-stream]). See also: https://doc.akka.io/docs/akka/current/common/binary-compatibility-rules.html#mixed-versioning-is-not-allowed
[info]   at akka.util.ManifestInfo.checkSameVersion(ManifestInfo.scala:184)
[info]   at akka.util.ManifestInfo.checkSameVersion(ManifestInfo.scala:162)
[info]   at akka.actor.ActorSystemImpl.liftedTree2$1(ActorSystem.scala:1033)
[info]   at akka.actor.ActorSystemImpl._start$lzycompute(ActorSystem.scala:1022)
[info]   at akka.actor.ActorSystemImpl._start(ActorSystem.scala:1022)
[info]   at akka.actor.ActorSystemImpl.start(ActorSystem.scala:1045)
[info]   at akka.actor.ActorSystem$.apply(ActorSystem.scala:272)
[info]   at akka.actor.ActorSystem$.apply(ActorSystem.scala:316)
[info]   at akka.actor.ActorSystem$.apply(ActorSystem.scala:260)
[info]   at chatapp.ChatActorTest.<init>(ChatActorTest.scala:12)
[info]   ...
[info] UserManagerTest:
[info] UserManager
[info] - should register a user *** FAILED ***
[info]   java.lang.IllegalStateException: You are using version 2.6.17 of Akka, but it appears you (perhaps indirectly) also depend on older versions of related artifacts. You can solve this by adding an explicit dependency on version 2.6.17 of the [akka-testkit] artifacts to your project. Here's a complete collection of detected artifacts: (2.6.16, [akka-testkit]), (2.6.17, [akka-actor, akka-actor-typed, akka-protobuf-v3, akka-serialization-jackson, akka-slf4j, akka-stream]). See also: https://doc.akka.io/docs/akka/current/common/binary-compatibility-rules.html#mixed-versioning-is-not-allowed
[info]   at akka.util.ManifestInfo.checkSameVersion(ManifestInfo.scala:184)
[info]   at akka.util.ManifestInfo.checkSameVersion(ManifestInfo.scala:162)
[info]   at akka.actor.ActorSystemImpl.liftedTree2$1(ActorSystem.scala:1033)
[info]   at akka.actor.ActorSystemImpl._start$lzycompute(ActorSystem.scala:1022)
[info]   at akka.actor.ActorSystemImpl._start(ActorSystem.scala:1022)
[info]   at akka.actor.ActorSystemImpl.start(ActorSystem.scala:1045)
[info]   at akka.actor.ActorSystem$.apply(ActorSystem.scala:272)
[info]   at akka.actor.ActorSystem$.apply(ActorSystem.scala:316)
[info]   at akka.actor.ActorSystem$.apply(ActorSystem.scala:260)
[info]   at chatapp.UserManagerTest.$anonfun$new$1(UserManagerTest.scala:11)
[info]   ...
[info] - should not register a duplicate username *** FAILED ***
[info]   java.lang.IllegalStateException: You are using version 2.6.17 of Akka, but it appears you (perhaps indirectly) also depend on older versions of related artifacts. You can solve this by adding an explicit dependency on version 2.6.17 of the [akka-testkit] artifacts to your project. Here's a complete collection of detected artifacts: (2.6.16, [akka-testkit]), (2.6.17, [akka-actor, akka-actor-typed, akka-protobuf-v3, akka-serialization-jackson, akka-slf4j, akka-stream]). See also: https://doc.akka.io/docs/akka/current/common/binary-compatibility-rules.html#mixed-versioning-is-not-allowed
[info]   at akka.util.ManifestInfo.checkSameVersion(ManifestInfo.scala:184)
[info]   at akka.util.ManifestInfo.checkSameVersion(ManifestInfo.scala:162)
[info]   at akka.actor.ActorSystemImpl.liftedTree2$1(ActorSystem.scala:1033)
[info]   at akka.actor.ActorSystemImpl._start$lzycompute(ActorSystem.scala:1022)
[info]   at akka.actor.ActorSystemImpl._start(ActorSystem.scala:1022)
[info]   at akka.actor.ActorSystemImpl.start(ActorSystem.scala:1045)
[info]   at akka.actor.ActorSystem$.apply(ActorSystem.scala:272)
[info]   at akka.actor.ActorSystem$.apply(ActorSystem.scala:316)
[info]   at akka.actor.ActorSystem$.apply(ActorSystem.scala:260)
[info]   at chatapp.UserManagerTest.$anonfun$new$2(UserManagerTest.scala:19)
[info]   ...
[info] - should authenticate a user *** FAILED ***
[info]   java.lang.IllegalStateException: You are using version 2.6.17 of Akka, but it appears you (perhaps indirectly) also depend on older versions of related artifacts. You can solve this by adding an explicit dependency on version 2.6.17 of the [akka-testkit] artifacts to your project. Here's a complete collection of detected artifacts: (2.6.16, [akka-testkit]), (2.6.17, [akka-actor, akka-actor-typed, akka-protobuf-v3, akka-serialization-jackson, akka-slf4j, akka-stream]). See also: https://doc.akka.io/docs/akka/current/common/binary-compatibility-rules.html#mixed-versioning-is-not-allowed
[info]   at akka.util.ManifestInfo.checkSameVersion(ManifestInfo.scala:184)
[info]   at akka.util.ManifestInfo.checkSameVersion(ManifestInfo.scala:162)
[info]   at akka.actor.ActorSystemImpl.liftedTree2$1(ActorSystem.scala:1033)
[info]   at akka.actor.ActorSystemImpl._start$lzycompute(ActorSystem.scala:1022)
[info]   at akka.actor.ActorSystemImpl._start(ActorSystem.scala:1022)
[info]   at akka.actor.ActorSystemImpl.start(ActorSystem.scala:1045)
[info]   at akka.actor.ActorSystem$.apply(ActorSystem.scala:272)
[info]   at akka.actor.ActorSystem$.apply(ActorSystem.scala:316)
[info]   at akka.actor.ActorSystem$.apply(ActorSystem.scala:260)
[info]   at chatapp.UserManagerTest.$anonfun$new$3(UserManagerTest.scala:29)
[info]   ...
[info] - should not authenticate with incorrect password *** FAILED ***
[info]   java.lang.IllegalStateException: You are using version 2.6.17 of Akka, but it appears you (perhaps indirectly) also depend on older versions of related artifacts. You can solve this by adding an explicit dependency on version 2.6.17 of the [akka-testkit] artifacts to your project. Here's a complete collection of detected artifacts: (2.6.16, [akka-testkit]), (2.6.17, [akka-actor, akka-actor-typed, akka-protobuf-v3, akka-serialization-jackson, akka-slf4j, akka-stream]). See also: https://doc.akka.io/docs/akka/current/common/binary-compatibility-rules.html#mixed-versioning-is-not-allowed
[info]   at akka.util.ManifestInfo.checkSameVersion(ManifestInfo.scala:184)
[info]   at akka.util.ManifestInfo.checkSameVersion(ManifestInfo.scala:162)
[info]   at akka.actor.ActorSystemImpl.liftedTree2$1(ActorSystem.scala:1033)
[info]   at akka.actor.ActorSystemImpl._start$lzycompute(ActorSystem.scala:1022)
[info]   at akka.actor.ActorSystemImpl._start(ActorSystem.scala:1022)
[info]   at akka.actor.ActorSystemImpl.start(ActorSystem.scala:1045)
[info]   at akka.actor.ActorSystem$.apply(ActorSystem.scala:272)
[info]   at akka.actor.ActorSystem$.apply(ActorSystem.scala:316)
[info]   at akka.actor.ActorSystem$.apply(ActorSystem.scala:260)
[info]   at chatapp.UserManagerTest.$anonfun$new$4(UserManagerTest.scala:39)
[info]   ...
[info] Run completed in 557 milliseconds.
[info] Total number of tests run: 4
[info] Suites: completed 1, aborted 1
[info] Tests: succeeded 0, failed 4, canceled 0, ignored 0, pending 0
[info] *** 1 SUITE ABORTED ***
[info] *** 4 TESTS FAILED ***
[error] Failed tests:
[error] 	chatapp.UserManagerTest
[error] Error during tests:
[error] 	chatapp.ChatActorTest
[error] (Test / test) sbt.TestsFailedException: Tests unsuccessful
[error] Total time: 1 s, completed 16 Aug 2023, 18:04:16
[debug] > Exec(idea-shell, None, None)
[debug] > Exec(, None, None)
[debug] > Exec(idea-shell, None, None)
